TN:
SF:src\server.ts
FN:10,(anonymous_1)
FN:21,(anonymous_2)
FN:25,(anonymous_3)
FN:35,(anonymous_4)
FN:49,(anonymous_5)
FN:58,(anonymous_6)
FN:67,(anonymous_7)
FN:81,(anonymous_8)
FN:82,(anonymous_9)
FNF:9
FNH:3
FNDA:5,(anonymous_1)
FNDA:5,(anonymous_2)
FNDA:5,(anonymous_3)
FNDA:0,(anonymous_4)
FNDA:0,(anonymous_5)
FNDA:0,(anonymous_6)
FNDA:0,(anonymous_7)
FNDA:0,(anonymous_8)
FNDA:0,(anonymous_9)
DA:1,1
DA:7,1
DA:11,5
DA:12,5
DA:13,5
DA:14,5
DA:16,5
DA:17,5
DA:18,5
DA:22,5
DA:27,5
DA:28,5
DA:31,5
DA:32,5
DA:36,0
DA:37,0
DA:38,0
DA:39,0
DA:40,0
DA:41,0
DA:43,0
DA:45,0
DA:50,0
DA:51,0
DA:52,0
DA:54,0
DA:59,0
DA:60,0
DA:61,0
DA:63,0
DA:68,0
DA:69,0
DA:70,0
DA:71,0
DA:72,0
DA:74,0
DA:77,0
DA:82,0
DA:83,0
LF:39
LH:14
BRDA:39,0,0,0
BRDA:71,1,0,0
BRDA:71,1,1,0
BRF:3
BRH:0
end_of_record
TN:
SF:src\middleware\auth.ts
FN:20,(anonymous_0)
FN:25,(anonymous_1)
FN:48,(anonymous_2)
FN:60,(anonymous_3)
FN:61,(anonymous_4)
FN:69,(anonymous_5)
FN:88,(anonymous_6)
FN:89,(anonymous_7)
FN:94,(anonymous_8)
FNF:9
FNH:6
FNDA:9,(anonymous_0)
FNDA:4,(anonymous_1)
FNDA:3,(anonymous_2)
FNDA:2,(anonymous_3)
FNDA:8,(anonymous_4)
FNDA:13,(anonymous_5)
FNDA:0,(anonymous_6)
FNDA:0,(anonymous_7)
FNDA:0,(anonymous_8)
DA:16,1
DA:21,9
DA:22,9
DA:26,4
DA:28,4
DA:29,1
DA:32,3
DA:33,3
DA:34,1
DA:37,2
DA:38,2
DA:40,2
DA:41,1
DA:44,1
DA:45,1
DA:49,3
DA:50,1
DA:53,2
DA:54,1
DA:57,1
DA:61,2
DA:62,8
DA:63,8
DA:66,8
DA:69,13
DA:71,8
DA:72,1
DA:73,1
DA:74,1
DA:81,7
DA:82,7
DA:84,7
DA:89,0
DA:90,0
DA:91,0
DA:92,0
DA:94,0
DA:97,0
LF:38
LH:32
BRDA:28,0,0,1
BRDA:33,1,0,1
BRDA:33,2,0,3
BRDA:33,2,1,2
BRDA:40,3,0,1
BRDA:49,4,0,1
BRDA:53,5,0,1
BRDA:62,6,0,8
BRDA:62,6,1,0
BRDA:62,6,2,0
BRDA:66,7,0,8
BRDA:66,7,1,2
BRDA:71,8,0,1
BRDA:91,9,0,0
BRF:14
BRH:11
end_of_record
TN:
SF:src\services\AuthService.ts
FN:21,(anonymous_1)
FN:27,(anonymous_2)
FN:40,(anonymous_3)
FN:85,(anonymous_4)
FN:119,(anonymous_5)
FN:133,(anonymous_6)
FN:138,(anonymous_7)
FN:174,(anonymous_8)
FNF:8
FNH:8
FNDA:13,(anonymous_1)
FNDA:13,(anonymous_2)
FNDA:15,(anonymous_3)
FNDA:11,(anonymous_4)
FNDA:4,(anonymous_5)
FNDA:2,(anonymous_6)
FNDA:2,(anonymous_7)
FNDA:2,(anonymous_8)
DA:2,3
DA:3,3
DA:16,3
DA:19,13
DA:22,13
DA:23,13
DA:24,13
DA:29,13
DA:41,15
DA:43,15
DA:48,15
DA:49,1
DA:53,14
DA:56,14
DA:62,14
DA:67,14
DA:68,0
DA:71,14
DA:77,1
DA:78,1
DA:80,0
DA:81,0
DA:86,11
DA:88,11
DA:93,11
DA:94,2
DA:97,9
DA:100,9
DA:101,9
DA:102,1
DA:106,8
DA:112,8
DA:114,0
DA:115,0
DA:120,4
DA:121,1
DA:124,3
DA:125,3
DA:126,3
DA:128,0
DA:129,0
DA:134,2
DA:135,2
DA:139,2
DA:141,2
DA:146,2
DA:147,0
DA:150,2
DA:153,2
DA:154,2
DA:155,1
DA:159,1
DA:162,1
DA:167,1
DA:169,0
DA:170,0
DA:175,2
DA:176,2
DA:180,2
DA:182,0
DA:183,0
LF:61
LH:49
BRDA:23,0,0,13
BRDA:23,0,1,13
BRDA:40,1,0,0
BRDA:48,2,0,1
BRDA:67,3,0,0
BRDA:67,4,0,14
BRDA:67,4,1,14
BRDA:77,5,0,1
BRDA:77,6,0,1
BRDA:77,6,1,1
BRDA:93,7,0,2
BRDA:101,8,0,1
BRDA:120,9,0,1
BRDA:120,10,0,4
BRDA:120,10,1,4
BRDA:146,11,0,0
BRDA:154,12,0,1
BRF:17
BRH:14
end_of_record
TN:
SF:src\services\DatabaseService.ts
FN:20,(anonymous_1)
FN:26,(anonymous_2)
FN:33,(anonymous_3)
FN:52,(anonymous_4)
FN:53,(anonymous_5)
FN:67,(anonymous_6)
FN:81,(anonymous_7)
FN:99,(anonymous_8)
FNF:8
FNH:8
FNDA:48,(anonymous_1)
FNDA:4,(anonymous_2)
FNDA:48,(anonymous_3)
FNDA:528,(anonymous_4)
FNDA:528,(anonymous_5)
FNDA:950,(anonymous_6)
FNDA:34,(anonymous_7)
FNDA:47,(anonymous_8)
DA:1,6
DA:2,6
DA:3,6
DA:16,6
DA:17,6
DA:21,48
DA:22,48
DA:23,48
DA:27,4
DA:28,2
DA:30,4
DA:34,48
DA:36,48
DA:39,48
DA:40,0
DA:43,48
DA:44,0
DA:47,48
DA:50,48
DA:52,528
DA:53,528
DA:56,48
DA:57,480
DA:60,48
DA:62,0
DA:63,0
DA:68,950
DA:69,950
DA:70,939
DA:71,89
DA:73,850
DA:76,12
DA:77,12
DA:82,34
DA:90,34
DA:91,170
DA:92,170
DA:94,0
DA:100,47
DA:101,47
DA:102,47
DA:103,1
LF:42
LH:37
BRDA:20,0,0,15
BRDA:21,1,0,41
BRDA:21,1,1,7
BRDA:27,2,0,2
BRDA:39,3,0,0
BRDA:43,4,0,0
BRDA:67,5,0,820
BRDA:70,6,0,89
BRDA:70,6,1,850
BRDA:100,7,0,47
BRDA:102,8,0,1
BRF:11
BRH:9
end_of_record
TN:
SF:src\services\EmailService.ts
FN:14,(anonymous_1)
FN:26,(anonymous_2)
FN:36,(anonymous_3)
FN:52,(anonymous_4)
FNF:4
FNH:0
FNDA:0,(anonymous_1)
FNDA:0,(anonymous_2)
FNDA:0,(anonymous_3)
FNDA:0,(anonymous_4)
DA:1,2
DA:11,2
DA:15,0
DA:29,0
DA:37,0
DA:49,0
DA:53,0
DA:64,0
LF:8
LH:2
BRDA:16,0,0,0
BRDA:16,0,1,0
BRDA:17,1,0,0
BRDA:17,1,1,0
BRF:4
BRH:0
end_of_record
TN:
SF:src\services\NotificationService.ts
FN:15,(anonymous_0)
FN:20,(anonymous_1)
FN:38,(anonymous_2)
FN:61,(anonymous_3)
FN:72,(anonymous_4)
FNF:5
FNH:0
FNDA:0,(anonymous_0)
FNDA:0,(anonymous_1)
FNDA:0,(anonymous_2)
FNDA:0,(anonymous_3)
FNDA:0,(anonymous_4)
DA:11,2
DA:16,0
DA:17,0
DA:21,0
DA:30,0
DA:39,0
DA:49,0
DA:50,0
DA:51,0
DA:54,0
DA:62,0
DA:63,0
DA:65,0
DA:73,0
DA:74,0
DA:76,0
DA:77,0
LF:17
LH:1
BRDA:33,0,0,0
BRDA:33,0,1,0
BRDA:34,1,0,0
BRDA:34,1,1,0
BRDA:50,2,0,0
BRDA:50,3,0,0
BRDA:50,3,1,0
BRDA:63,4,0,0
BRDA:63,5,0,0
BRDA:63,5,1,0
BRDA:74,6,0,0
BRDA:74,7,0,0
BRDA:74,7,1,0
BRF:13
BRH:0
end_of_record
TN:
SF:src\services\QueueService.ts
FN:28,(anonymous_0)
FN:39,(anonymous_1)
FN:52,(anonymous_2)
FN:64,(anonymous_3)
FN:71,(anonymous_4)
FN:79,(anonymous_5)
FN:88,(anonymous_6)
FN:117,(anonymous_7)
FN:128,(anonymous_8)
FN:134,(anonymous_9)
FN:142,(anonymous_10)
FN:153,(anonymous_11)
FNF:12
FNH:2
FNDA:6,(anonymous_0)
FNDA:6,(anonymous_1)
FNDA:0,(anonymous_2)
FNDA:0,(anonymous_3)
FNDA:0,(anonymous_4)
FNDA:0,(anonymous_5)
FNDA:0,(anonymous_6)
FNDA:0,(anonymous_7)
FNDA:0,(anonymous_8)
FNDA:0,(anonymous_9)
FNDA:0,(anonymous_10)
FNDA:0,(anonymous_11)
DA:22,2
DA:26,6
DA:33,6
DA:34,6
DA:35,6
DA:36,6
DA:40,6
DA:53,0
DA:55,0
DA:60,0
DA:61,0
DA:65,0
DA:68,0
DA:72,0
DA:76,0
DA:80,0
DA:81,0
DA:84,0
DA:85,0
DA:89,0
DA:106,0
DA:118,0
DA:128,0
DA:135,0
DA:139,0
DA:143,0
DA:144,0
DA:145,0
DA:149,0
DA:154,0
DA:155,0
DA:157,0
DA:159,0
DA:166,0
DA:167,0
LF:35
LH:7
BRDA:68,0,0,0
BRDA:68,0,1,0
BRDA:76,1,0,0
BRDA:76,1,1,0
BRDA:81,2,0,0
BRDA:109,3,0,0
BRDA:109,3,1,0
BRDA:110,4,0,0
BRDA:110,4,1,0
BRDA:111,5,0,0
BRDA:111,5,1,0
BRDA:113,6,0,0
BRDA:113,6,1,0
BRDA:155,7,0,0
BRDA:166,8,0,0
BRF:15
BRH:0
end_of_record
TN:
SF:src\services\ValidationService.ts
FN:20,(anonymous_0)
FN:24,(anonymous_1)
FN:63,(anonymous_2)
FNF:3
FNH:3
FNDA:7,(anonymous_0)
FNDA:12,(anonymous_1)
FNDA:7,(anonymous_2)
DA:17,1
DA:21,7
DA:25,12
DA:28,12
DA:32,12
DA:33,2
DA:37,12
DA:41,12
DA:42,4
DA:46,12
DA:53,12
DA:54,5
DA:57,12
DA:64,7
DA:66,7
DA:67,6
DA:89,7
LF:17
LH:17
BRDA:32,0,0,2
BRDA:41,1,0,4
BRDA:53,2,0,5
BRDA:66,3,0,6
BRF:4
BRH:4
end_of_record
TN:
SF:src\services\WebSocketService.ts
FN:10,(anonymous_0)
FN:14,(anonymous_1)
FN:22,(anonymous_2)
FN:26,(anonymous_3)
FN:31,(anonymous_4)
FN:36,(anonymous_5)
FN:43,(anonymous_6)
FN:52,(anonymous_7)
FN:61,(anonymous_8)
FNF:9
FNH:0
FNDA:0,(anonymous_0)
FNDA:0,(anonymous_1)
FNDA:0,(anonymous_2)
FNDA:0,(anonymous_3)
FNDA:0,(anonymous_4)
FNDA:0,(anonymous_5)
FNDA:0,(anonymous_6)
FNDA:0,(anonymous_7)
FNDA:0,(anonymous_8)
DA:2,2
DA:10,2
DA:11,0
DA:12,0
DA:15,0
DA:22,0
DA:23,0
DA:24,0
DA:26,0
DA:27,0
DA:28,0
DA:31,0
DA:32,0
DA:33,0
DA:36,0
DA:37,0
DA:38,0
DA:44,0
DA:45,0
DA:46,0
DA:49,0
DA:53,0
DA:54,0
DA:55,0
DA:58,0
DA:62,0
LF:26
LH:2
BRDA:44,0,0,0
BRDA:53,1,0,0
BRF:2
BRH:0
end_of_record
